h:\beyond the abyss\latest\textbasedgame\textbasedgame\x64\debug\vc143.pdb
h:\beyond the abyss\latest\textbasedgame\textbasedgame\x64\debug\vc143.idb
h:\beyond the abyss\latest\textbasedgame\textbasedgame\x64\debug\armor.nativecodeanalysis.sarif
h:\beyond the abyss\latest\textbasedgame\textbasedgame\x64\debug\armor.nativecodeanalysis.xml
h:\beyond the abyss\latest\textbasedgame\textbasedgame\x64\debug\character.nativecodeanalysis.sarif
h:\beyond the abyss\latest\textbasedgame\textbasedgame\x64\debug\character.nativecodeanalysis.xml
h:\beyond the abyss\latest\textbasedgame\textbasedgame\x64\debug\enemy.nativecodeanalysis.sarif
h:\beyond the abyss\latest\textbasedgame\textbasedgame\x64\debug\enemy.nativecodeanalysis.xml
h:\beyond the abyss\latest\textbasedgame\textbasedgame\x64\debug\event.nativecodeanalysis.sarif
h:\beyond the abyss\latest\textbasedgame\textbasedgame\x64\debug\event.nativecodeanalysis.xml
h:\beyond the abyss\latest\textbasedgame\textbasedgame\x64\debug\game.nativecodeanalysis.sarif
h:\beyond the abyss\latest\textbasedgame\textbasedgame\x64\debug\game.nativecodeanalysis.xml
h:\beyond the abyss\latest\textbasedgame\textbasedgame\x64\debug\inventory.nativecodeanalysis.sarif
h:\beyond the abyss\latest\textbasedgame\textbasedgame\x64\debug\inventory.nativecodeanalysis.xml
h:\beyond the abyss\latest\textbasedgame\textbasedgame\x64\debug\item.nativecodeanalysis.sarif
h:\beyond the abyss\latest\textbasedgame\textbasedgame\x64\debug\item.nativecodeanalysis.xml
h:\beyond the abyss\latest\textbasedgame\textbasedgame\x64\debug\main.nativecodeanalysis.sarif
h:\beyond the abyss\latest\textbasedgame\textbasedgame\x64\debug\main.nativecodeanalysis.xml
h:\beyond the abyss\latest\textbasedgame\textbasedgame\x64\debug\potion.nativecodeanalysis.sarif
h:\beyond the abyss\latest\textbasedgame\textbasedgame\x64\debug\potion.nativecodeanalysis.xml
h:\beyond the abyss\latest\textbasedgame\textbasedgame\x64\debug\puzzle.nativecodeanalysis.sarif
h:\beyond the abyss\latest\textbasedgame\textbasedgame\x64\debug\puzzle.nativecodeanalysis.xml
h:\beyond the abyss\latest\textbasedgame\textbasedgame\x64\debug\weapon.nativecodeanalysis.sarif
h:\beyond the abyss\latest\textbasedgame\textbasedgame\x64\debug\weapon.nativecodeanalysis.xml
h:\beyond the abyss\latest\textbasedgame\textbasedgame\x64\debug\weapon.obj
h:\beyond the abyss\latest\textbasedgame\textbasedgame\x64\debug\puzzle.obj
h:\beyond the abyss\latest\textbasedgame\textbasedgame\x64\debug\potion.obj
h:\beyond the abyss\latest\textbasedgame\textbasedgame\x64\debug\main.obj
h:\beyond the abyss\latest\textbasedgame\textbasedgame\x64\debug\item.obj
h:\beyond the abyss\latest\textbasedgame\textbasedgame\x64\debug\inventory.obj
h:\beyond the abyss\latest\textbasedgame\textbasedgame\x64\debug\game.obj
h:\beyond the abyss\latest\textbasedgame\textbasedgame\x64\debug\event.obj
h:\beyond the abyss\latest\textbasedgame\textbasedgame\x64\debug\enemy.obj
h:\beyond the abyss\latest\textbasedgame\textbasedgame\x64\debug\character.obj
h:\beyond the abyss\latest\textbasedgame\textbasedgame\x64\debug\armor.obj
h:\beyond the abyss\latest\textbasedgame\textbasedgame\x64\debug\textbasedgame.ilk
h:\beyond the abyss\latest\textbasedgame\x64\debug\textbasedgame.exe
h:\beyond the abyss\latest\textbasedgame\x64\debug\textbasedgame.pdb
h:\beyond the abyss\latest\textbasedgame\textbasedgame\x64\debug\vc.nativecodeanalysis.all.xml
h:\beyond the abyss\latest\textbasedgame\textbasedgame\x64\debug\textbasedgame.tlog\cl.command.1.tlog
h:\beyond the abyss\latest\textbasedgame\textbasedgame\x64\debug\textbasedgame.tlog\cl.items.tlog
h:\beyond the abyss\latest\textbasedgame\textbasedgame\x64\debug\textbasedgame.tlog\cl.read.1.tlog
h:\beyond the abyss\latest\textbasedgame\textbasedgame\x64\debug\textbasedgame.tlog\cl.write.1.tlog
h:\beyond the abyss\latest\textbasedgame\textbasedgame\x64\debug\textbasedgame.tlog\link.command.1.tlog
h:\beyond the abyss\latest\textbasedgame\textbasedgame\x64\debug\textbasedgame.tlog\link.read.1.tlog
h:\beyond the abyss\latest\textbasedgame\textbasedgame\x64\debug\textbasedgame.tlog\link.write.1.tlog
